<?xml version="1.0" encoding="UTF-8"?>
<!-- Generated by org.testng.reporters.JUnitReportReporter -->
<testsuite skipped="0" hostname="SBMAC0261.local" name="fileUplaodDownlaod.GmailAttachFile" tests="1" failures="0" timestamp="01 Mar 2019 06:11:00 GMT" time="20.565" errors="0">
  <testcase name="fileAttachTest" time="20.565" classname="fileUplaodDownlaod.GmailAttachFile"/>
</testsuite> <!-- fileUplaodDownlaod.GmailAttachFile -->
