<?xml version="1.0" encoding="UTF-8"?>
<!-- Generated by org.testng.reporters.JUnitReportReporter -->
<testsuite skipped="0" hostname="SBMAC0261.local" name="filterSorting.Filter" tests="1" failures="0" timestamp="07 Mar 2019 13:22:06 GMT" time="8.259" errors="0">
  <testcase name="filterTest" time="8.259" classname="filterSorting.Filter"/>
</testsuite> <!-- filterSorting.Filter -->
