<?xml version="1.0" encoding="UTF-8"?>
<!-- Generated by org.testng.reporters.JUnitReportReporter -->
<testsuite skipped="0" hostname="SBMAC0261.local" name="youtubeVideo.Youtube" tests="1" failures="0" timestamp="07 Mar 2019 06:28:23 GMT" time="16.653" errors="0">
  <testcase name="youtubeVideoTest" time="16.653" classname="youtubeVideo.Youtube"/>
</testsuite> <!-- youtubeVideo.Youtube -->
