<?xml version="1.0" encoding="UTF-8"?>
<!-- Generated by org.testng.reporters.JUnitReportReporter -->
<testsuite skipped="0" hostname="SBMAC0261.local" name="dropdownHandling.BootstrapDropboxHandling" tests="1" failures="0" timestamp="06 Mar 2019 10:54:16 GMT" time="9.107" errors="0">
  <testcase name="test" time="9.107" classname="dropdownHandling.BootstrapDropboxHandling"/>
</testsuite> <!-- dropdownHandling.BootstrapDropboxHandling -->
