<?xml version="1.0" encoding="UTF-8"?>
<!-- Generated by org.testng.reporters.JUnitReportReporter -->
<testsuite skipped="0" hostname="SBMAC0261.local" name="fileUplaodDownlaod.FileUploadingWithAppleScript" tests="1" failures="0" timestamp="28 Feb 2019 12:17:04 GMT" time="12.854" errors="0">
  <testcase name="fileUploadWithAppleScriptTest" time="12.854" classname="fileUplaodDownlaod.FileUploadingWithAppleScript"/>
</testsuite> <!-- fileUplaodDownlaod.FileUploadingWithAppleScript -->
