<?xml version="1.0" encoding="UTF-8"?>
<!-- Generated by org.testng.reporters.JUnitReportReporter -->
<testsuite skipped="0" hostname="SBMAC0261.local" name="dropdownHandling.DropdownHandeling" tests="1" failures="0" timestamp="20 Feb 2019 10:29:31 GMT" time="6.537" errors="0">
  <testcase name="dropDownTest" time="6.537" classname="dropdownHandling.DropdownHandeling"/>
</testsuite> <!-- dropdownHandling.DropdownHandeling -->
