<?xml version="1.0" encoding="UTF-8"?>
<!-- Generated by org.testng.reporters.JUnitReportReporter -->
<testsuite skipped="0" hostname="SBMAC0261.local" name="search.GoogleSearch" tests="1" failures="0" timestamp="07 Mar 2019 10:10:43 GMT" time="5.204" errors="0">
  <testcase name="youtubeVideoTest" time="5.204" classname="search.GoogleSearch"/>
</testsuite> <!-- search.GoogleSearch -->
