<?xml version="1.0" encoding="UTF-8"?>
<!-- Generated by org.testng.reporters.JUnitReportReporter -->
<testsuite skipped="0" hostname="SBMAC0261.local" name="frameHandling.NestedFrames" tests="1" failures="0" timestamp="25 Feb 2019 07:34:56 GMT" time="21.722" errors="0">
  <testcase name="nestedFramesHandling" time="21.722" classname="frameHandling.NestedFrames"/>
</testsuite> <!-- frameHandling.NestedFrames -->
