<?xml version="1.0" encoding="UTF-8"?>
<!-- Generated by org.testng.reporters.JUnitReportReporter -->
<testsuite skipped="0" hostname="SBMAC0261.local" name="frameHandling.Iframe" tests="1" failures="0" timestamp="25 Feb 2019 06:53:16 GMT" time="55.892" errors="0">
  <testcase name="IframeHandlingTest" time="55.892" classname="frameHandling.Iframe"/>
</testsuite> <!-- frameHandling.Iframe -->
