<?xml version="1.0" encoding="UTF-8"?>
<!-- Generated by org.testng.reporters.JUnitReportReporter -->
<testsuite skipped="0" hostname="SBMAC0261.local" name="youtubeVideo.playPause" tests="1" failures="0" timestamp="07 Mar 2019 07:38:00 GMT" time="18.088" errors="0">
  <testcase name="youtubeVideoTest" time="18.088" classname="youtubeVideo.playPause"/>
</testsuite> <!-- youtubeVideo.playPause -->
