<?xml version="1.0" encoding="UTF-8"?>
<!-- Generated by org.testng.reporters.JUnitReportReporter -->
<testsuite skipped="0" hostname="SBMAC0261.local" name="takeScreenshot.TakeScreenshot" tests="1" failures="0" timestamp="07 Feb 2019 11:40:33 GMT" time="10.292" errors="0">
  <testcase name="testGuru99TakeScreenShot" time="10.292" classname="takeScreenshot.TakeScreenshot"/>
</testsuite> <!-- takeScreenshot.TakeScreenshot -->
