<?xml version="1.0" encoding="UTF-8"?>
<!-- Generated by org.testng.reporters.JUnitReportReporter -->
<testsuite skipped="0" hostname="SBMAC0261.local" name="frameHandling.MultiFrameHandling" tests="1" failures="0" timestamp="25 Feb 2019 10:40:43 GMT" time="6.363" errors="0">
  <testcase name="frameWithinFrame" time="6.363" classname="frameHandling.MultiFrameHandling"/>
</testsuite> <!-- frameHandling.MultiFrameHandling -->
