<?xml version="1.0" encoding="UTF-8"?>
<!-- Generated by org.testng.reporters.JUnitReportReporter -->
<testsuite skipped="0" hostname="SBMAC0261.local" name="dropdownHandling.Jet2" tests="1" failures="0" timestamp="06 Mar 2019 12:40:31 GMT" time="23.751" errors="0">
  <testcase name="jetAirwaysDropdownHandling" time="23.751" classname="dropdownHandling.Jet2"/>
</testsuite> <!-- dropdownHandling.Jet2 -->
