<?xml version="1.0" encoding="UTF-8"?>
<!-- Generated by org.testng.reporters.JUnitReportReporter -->
<testsuite skipped="0" hostname="SBMAC0261.local" name="JavaSeleniumPrograms.DropdownHandeling2" tests="1" failures="0" timestamp="19 Feb 2019 12:33:55 GMT" time="5.802" errors="0">
  <testcase name="dropDownWithoutSelectTest" time="5.802" classname="JavaSeleniumPrograms.DropdownHandeling2"/>
</testsuite> <!-- JavaSeleniumPrograms.DropdownHandeling2 -->
