<?xml version="1.0" encoding="UTF-8"?>
<!-- Generated by org.testng.reporters.JUnitReportReporter -->
<testsuite skipped="0" hostname="SBMAC0261.local" name="fileUplaodDownlaod.FileUploading" tests="1" failures="0" timestamp="28 Feb 2019 07:25:00 GMT" time="11.196" errors="0">
  <testcase name="fileUploadTest" time="11.196" classname="fileUplaodDownlaod.FileUploading"/>
</testsuite> <!-- fileUplaodDownlaod.FileUploading -->
