<?xml version="1.0" encoding="UTF-8"?>
<!-- Generated by org.testng.reporters.JUnitReportReporter -->
<testsuite skipped="0" hostname="SBMAC0261.local" name="JavaSeleniumPrograms.DropdownHandeling" tests="1" failures="0" timestamp="19 Feb 2019 12:13:31 GMT" time="5.409" errors="0">
  <testcase name="dropDownTest" time="5.409" classname="JavaSeleniumPrograms.DropdownHandeling"/>
</testsuite> <!-- JavaSeleniumPrograms.DropdownHandeling -->
