<?xml version="1.0" encoding="UTF-8"?>
<!-- Generated by org.testng.reporters.JUnitReportReporter -->
<testsuite skipped="0" hostname="SBMAC0261.local" name="fileUplaodDownlaod.FileDownlaodBasic" tests="1" failures="0" timestamp="28 Feb 2019 08:35:24 GMT" time="8.856" errors="0">
  <testcase name="fileDownloadingTest" time="8.856" classname="fileUplaodDownlaod.FileDownlaodBasic"/>
</testsuite> <!-- fileUplaodDownlaod.FileDownlaodBasic -->
