<?xml version="1.0" encoding="UTF-8"?>
<!-- Generated by org.testng.reporters.JUnitReportReporter -->
<testsuite skipped="0" hostname="SBMAC0261.local" name="youtubeVideo.playPause" tests="1" failures="0" timestamp="07 Mar 2019 10:53:36 GMT" time="37.146" errors="0">
  <testcase name="youtubeVideoTest" time="37.146" classname="youtubeVideo.playPause"/>
</testsuite> <!-- youtubeVideo.playPause -->
