<?xml version="1.0" encoding="UTF-8"?>
<!-- Generated by org.testng.reporters.JUnitReportReporter -->
<testsuite skipped="0" hostname="SBMAC0261.local" name="dropdownHandling.BootstrapDropboxHandling" tests="1" failures="0" timestamp="20 Feb 2019 11:12:37 GMT" time="9.089" errors="0">
  <testcase name="test" time="9.089" classname="dropdownHandling.BootstrapDropboxHandling"/>
</testsuite> <!-- dropdownHandling.BootstrapDropboxHandling -->
