<?xml version="1.0" encoding="UTF-8"?>
<!-- Generated by org.testng.reporters.JUnitReportReporter -->
<testsuite skipped="0" hostname="SBMAC0261.local" name="dropdownHandling.JetAirwaysDropdown" tests="1" failures="0" timestamp="06 Mar 2019 11:53:31 GMT" time="21.033" errors="0">
  <testcase name="etAirwaysDropdownHandling" time="21.033" classname="dropdownHandling.JetAirwaysDropdown"/>
</testsuite> <!-- dropdownHandling.JetAirwaysDropdown -->
